[0m15:14:22.569390 [debug] [MainThread]: Sending event: {'category': 'dbt', 'action': 'invocation', 'label': 'start', 'context': [<snowplow_tracker.self_describing_json.SelfDescribingJson object at 0x0000020728D0C490>, <snowplow_tracker.self_describing_json.SelfDescribingJson object at 0x0000020729FE83A0>, <snowplow_tracker.self_describing_json.SelfDescribingJson object at 0x0000020729FE8190>]}


============================== 15:14:22.574223 | 9ef34cc7-50fb-4b94-8555-505c2fccc41a ==============================
[0m15:14:22.574223 [info ] [MainThread]: Running with dbt=1.11.9
[0m15:14:22.574223 [debug] [MainThread]: running dbt with arguments {'static_parser': 'True', 'no_print': 'None', 'version_check': 'True', 'warn_error_options': 'WarnErrorOptionsV2(error=[], warn=[], silence=[])', 'target_path': 'None', 'printer_width': '80', 'write_json': 'True', 'empty': 'None', 'log_cache_events': 'False', 'introspect': 'True', 'cache_selected_only': 'False', 'log_format': 'default', 'debug': 'False', 'fail_fast': 'False', 'profiles_dir': 'C:\\Users\\elpap\\.dbt', 'send_anonymous_usage_stats': 'True', 'quiet': 'False', 'warn_error': 'None', 'partial_parse': 'True', 'use_colors': 'True', 'indirect_selection': 'eager', 'invocation_command': 'dbt init analytics', 'use_experimental_parser': 'False', 'log_path': 'logs'}
[0m15:14:22.612801 [info ] [MainThread]: Creating dbt configuration folder at C:\Users\elpap\.dbt
[0m15:14:22.621912 [debug] [MainThread]: Starter project path: C:\Users\elpap\itc6050-w1-lab\.venv\lib\site-packages\dbt\include\starter_project
[0m15:14:22.733485 [info ] [MainThread]: 
Your new dbt project "analytics" was created!

For more information on how to configure the profiles.yml file,
please consult the dbt documentation here:

  https://docs.getdbt.com/docs/configure-your-profile

One more thing:

Need help? Don't hesitate to reach out to us via GitHub issues or on Slack:

  https://community.getdbt.com/

Happy modeling!

[0m15:14:22.733485 [info ] [MainThread]: Setting up your profile.
[0m15:16:56.019494 [info ] [MainThread]: Profile analytics written to C:\Users\elpap\.dbt\profiles.yml using target's profile_template.yml and your supplied values. Run 'dbt debug' to validate the connection.
[0m15:16:56.025469 [debug] [MainThread]: Command `dbt init` succeeded at 15:16:56.025469 after 153.59 seconds
[0m15:16:56.026561 [debug] [MainThread]: Sending event: {'category': 'dbt', 'action': 'invocation', 'label': 'end', 'context': [<snowplow_tracker.self_describing_json.SelfDescribingJson object at 0x0000020728D0C490>, <snowplow_tracker.self_describing_json.SelfDescribingJson object at 0x0000020729FC8F70>, <snowplow_tracker.self_describing_json.SelfDescribingJson object at 0x000002072A0E21A0>]}
[0m15:16:56.027608 [debug] [MainThread]: Flushing usage events
[0m15:16:56.876640 [debug] [MainThread]: An error was encountered while trying to flush usage events
